{"/home/adm1/Projet_Ninja/src/app.js": {"path":"/home/adm1/Projet_Ninja/src/app.js","statementMap":{"0":{"start":{"line":1,"column":16},"end":{"line":1,"column":34}},"1":{"start":{"line":2,"column":13},"end":{"line":2,"column":28}},"2":{"start":{"line":3,"column":16},"end":{"line":3,"column":42}},"3":{"start":{"line":5,"column":12},"end":{"line":5,"column":21}},"4":{"start":{"line":8,"column":0},"end":{"line":12,"column":4}},"5":{"start":{"line":15,"column":0},"end":{"line":15,"column":24}},"6":{"start":{"line":16,"column":0},"end":{"line":16,"column":48}},"7":{"start":{"line":19,"column":0},"end":{"line":19,"column":30}},"8":{"start":{"line":20,"column":0},"end":{"line":20,"column":48}},"9":{"start":{"line":23,"column":0},"end":{"line":23,"column":59}},"10":{"start":{"line":26,"column":22},"end":{"line":26,"column":50}},"11":{"start":{"line":27,"column":0},"end":{"line":27,"column":23}},"12":{"start":{"line":30,"column":0},"end":{"line":36,"column":3}},"13":{"start":{"line":31,"column":19},"end":{"line":34,"column":3}},"14":{"start":{"line":35,"column":2},"end":{"line":35,"column":36}},"15":{"start":{"line":38,"column":0},"end":{"line":38,"column":21}}},"fnMap":{"0":{"name":"(anonymous_0)","decl":{"start":{"line":30,"column":13},"end":{"line":30,"column":14}},"loc":{"start":{"line":30,"column":27},"end":{"line":36,"column":1}},"line":30}},"branchMap":{},"s":{"0":1,"1":1,"2":1,"3":1,"4":1,"5":1,"6":1,"7":1,"8":1,"9":1,"10":1,"11":1,"12":1,"13":0,"14":0,"15":1},"f":{"0":0},"b":{},"_coverageSchema":"1a1c01bbd47fc00a2c39e90264f33305004495a9","hash":"e8d9544ed673e67857f1f1f191520408fe537737"}
,"/home/adm1/Projet_Ninja/src/middlewares/log.js": {"path":"/home/adm1/Projet_Ninja/src/middlewares/log.js","statementMap":{"0":{"start":{"line":1,"column":0},"end":{"line":6,"column":2}},"1":{"start":{"line":2,"column":2},"end":{"line":4,"column":3}},"2":{"start":{"line":3,"column":4},"end":{"line":3,"column":18}},"3":{"start":{"line":5,"column":2},"end":{"line":5,"column":25}}},"fnMap":{"0":{"name":"(anonymous_0)","decl":{"start":{"line":1,"column":17},"end":{"line":1,"column":18}},"loc":{"start":{"line":1,"column":37},"end":{"line":6,"column":1}},"line":1}},"branchMap":{"0":{"loc":{"start":{"line":2,"column":2},"end":{"line":4,"column":3}},"type":"if","locations":[{"start":{"line":2,"column":2},"end":{"line":4,"column":3}},{"start":{},"end":{}}],"line":2},"1":{"loc":{"start":{"line":2,"column":6},"end":{"line":2,"column":49}},"type":"binary-expr","locations":[{"start":{"line":2,"column":6},"end":{"line":2,"column":17}},{"start":{"line":2,"column":21},"end":{"line":2,"column":49}}],"line":2}},"s":{"0":1,"1":0,"2":0,"3":0},"f":{"0":0},"b":{"0":[0,0],"1":[0,0]},"_coverageSchema":"1a1c01bbd47fc00a2c39e90264f33305004495a9","hash":"a0efcdbb6c2dcfa792cd2957340058d07bb828c0"}
,"/home/adm1/Projet_Ninja/src/routes/services.js": {"path":"/home/adm1/Projet_Ninja/src/routes/services.js","statementMap":{"0":{"start":{"line":1,"column":16},"end":{"line":1,"column":34}},"1":{"start":{"line":2,"column":35},"end":{"line":2,"column":63}},"2":{"start":{"line":3,"column":15},"end":{"line":3,"column":31}},"3":{"start":{"line":4,"column":12},"end":{"line":4,"column":41}},"4":{"start":{"line":7,"column":17},"end":{"line":10,"column":1}},"5":{"start":{"line":17,"column":0},"end":{"line":19,"column":3}},"6":{"start":{"line":18,"column":2},"end":{"line":18,"column":33}},"7":{"start":{"line":22,"column":0},"end":{"line":24,"column":3}},"8":{"start":{"line":23,"column":2},"end":{"line":23,"column":31}},"9":{"start":{"line":31,"column":0},"end":{"line":47,"column":2}},"10":{"start":{"line":38,"column":19},"end":{"line":38,"column":40}},"11":{"start":{"line":39,"column":4},"end":{"line":41,"column":5}},"12":{"start":{"line":40,"column":6},"end":{"line":40,"column":62}},"13":{"start":{"line":43,"column":34},"end":{"line":43,"column":42}},"14":{"start":{"line":44,"column":4},"end":{"line":44,"column":41}},"15":{"start":{"line":45,"column":4},"end":{"line":45,"column":62}},"16":{"start":{"line":54,"column":0},"end":{"line":56,"column":3}},"17":{"start":{"line":55,"column":2},"end":{"line":55,"column":39}},"18":{"start":{"line":59,"column":0},"end":{"line":64,"column":3}},"19":{"start":{"line":60,"column":2},"end":{"line":63,"column":5}},"20":{"start":{"line":71,"column":0},"end":{"line":73,"column":3}},"21":{"start":{"line":72,"column":2},"end":{"line":72,"column":39}},"22":{"start":{"line":76,"column":0},"end":{"line":86,"column":3}},"23":{"start":{"line":77,"column":33},"end":{"line":77,"column":41}},"24":{"start":{"line":80,"column":2},"end":{"line":83,"column":3}},"25":{"start":{"line":81,"column":4},"end":{"line":81,"column":31}},"26":{"start":{"line":82,"column":4},"end":{"line":82,"column":42}},"27":{"start":{"line":85,"column":2},"end":{"line":85,"column":60}},"28":{"start":{"line":89,"column":0},"end":{"line":93,"column":3}},"29":{"start":{"line":90,"column":2},"end":{"line":92,"column":5}},"30":{"start":{"line":91,"column":4},"end":{"line":91,"column":27}},"31":{"start":{"line":95,"column":0},"end":{"line":95,"column":24}}},"fnMap":{"0":{"name":"(anonymous_0)","decl":{"start":{"line":17,"column":24},"end":{"line":17,"column":25}},"loc":{"start":{"line":17,"column":38},"end":{"line":19,"column":1}},"line":17},"1":{"name":"(anonymous_1)","decl":{"start":{"line":22,"column":22},"end":{"line":22,"column":23}},"loc":{"start":{"line":22,"column":36},"end":{"line":24,"column":1}},"line":22},"2":{"name":"(anonymous_2)","decl":{"start":{"line":37,"column":2},"end":{"line":37,"column":3}},"loc":{"start":{"line":37,"column":16},"end":{"line":46,"column":3}},"line":37},"3":{"name":"(anonymous_3)","decl":{"start":{"line":54,"column":34},"end":{"line":54,"column":35}},"loc":{"start":{"line":54,"column":48},"end":{"line":56,"column":1}},"line":54},"4":{"name":"(anonymous_4)","decl":{"start":{"line":59,"column":27},"end":{"line":59,"column":28}},"loc":{"start":{"line":59,"column":41},"end":{"line":64,"column":1}},"line":59},"5":{"name":"(anonymous_5)","decl":{"start":{"line":71,"column":21},"end":{"line":71,"column":22}},"loc":{"start":{"line":71,"column":35},"end":{"line":73,"column":1}},"line":71},"6":{"name":"(anonymous_6)","decl":{"start":{"line":76,"column":22},"end":{"line":76,"column":23}},"loc":{"start":{"line":76,"column":36},"end":{"line":86,"column":1}},"line":76},"7":{"name":"(anonymous_7)","decl":{"start":{"line":89,"column":22},"end":{"line":89,"column":23}},"loc":{"start":{"line":89,"column":36},"end":{"line":93,"column":1}},"line":89},"8":{"name":"(anonymous_8)","decl":{"start":{"line":90,"column":22},"end":{"line":90,"column":23}},"loc":{"start":{"line":90,"column":28},"end":{"line":92,"column":3}},"line":90}},"branchMap":{"0":{"loc":{"start":{"line":39,"column":4},"end":{"line":41,"column":5}},"type":"if","locations":[{"start":{"line":39,"column":4},"end":{"line":41,"column":5}},{"start":{},"end":{}}],"line":39},"1":{"loc":{"start":{"line":80,"column":2},"end":{"line":83,"column":3}},"type":"if","locations":[{"start":{"line":80,"column":2},"end":{"line":83,"column":3}},{"start":{},"end":{}}],"line":80},"2":{"loc":{"start":{"line":80,"column":6},"end":{"line":80,"column":50}},"type":"binary-expr","locations":[{"start":{"line":80,"column":6},"end":{"line":80,"column":26}},{"start":{"line":80,"column":30},"end":{"line":80,"column":50}}],"line":80}},"s":{"0":1,"1":1,"2":1,"3":1,"4":1,"5":1,"6":1,"7":1,"8":0,"9":1,"10":2,"11":2,"12":1,"13":1,"14":1,"15":1,"16":1,"17":0,"18":1,"19":1,"20":1,"21":0,"22":1,"23":0,"24":0,"25":0,"26":0,"27":0,"28":1,"29":0,"30":0,"31":1},"f":{"0":1,"1":0,"2":2,"3":0,"4":1,"5":0,"6":0,"7":0,"8":0},"b":{"0":[1,1],"1":[0,0],"2":[0,0]},"_coverageSchema":"1a1c01bbd47fc00a2c39e90264f33305004495a9","hash":"b6959d3aca6de34efdfd7250f6bc0cec319ec3c7"}
}
