TN:
SF:src/app.js
FN:30,(anonymous_0)
FNF:1
FNH:0
FNDA:0,(anonymous_0)
DA:1,1
DA:2,1
DA:3,1
DA:5,1
DA:8,1
DA:15,1
DA:16,1
DA:19,1
DA:20,1
DA:23,1
DA:26,1
DA:27,1
DA:30,1
DA:31,0
DA:35,0
DA:38,1
LF:16
LH:14
BRF:0
BRH:0
end_of_record
TN:
SF:src/middlewares/log.js
FN:1,(anonymous_0)
FNF:1
FNH:0
FNDA:0,(anonymous_0)
DA:1,1
DA:2,0
DA:3,0
DA:5,0
LF:4
LH:1
BRDA:2,0,0,0
BRDA:2,0,1,0
BRDA:2,1,0,0
BRDA:2,1,1,0
BRF:4
BRH:0
end_of_record
TN:
SF:src/routes/services.js
FN:17,(anonymous_0)
FN:22,(anonymous_1)
FN:37,(anonymous_2)
FN:54,(anonymous_3)
FN:59,(anonymous_4)
FN:71,(anonymous_5)
FN:76,(anonymous_6)
FN:89,(anonymous_7)
FN:90,(anonymous_8)
FNF:9
FNH:3
FNDA:1,(anonymous_0)
FNDA:0,(anonymous_1)
FNDA:2,(anonymous_2)
FNDA:0,(anonymous_3)
FNDA:1,(anonymous_4)
FNDA:0,(anonymous_5)
FNDA:0,(anonymous_6)
FNDA:0,(anonymous_7)
FNDA:0,(anonymous_8)
DA:1,1
DA:2,1
DA:3,1
DA:4,1
DA:7,1
DA:17,1
DA:18,1
DA:22,1
DA:23,0
DA:31,1
DA:38,2
DA:39,2
DA:40,1
DA:43,1
DA:44,1
DA:45,1
DA:54,1
DA:55,0
DA:59,1
DA:60,1
DA:71,1
DA:72,0
DA:76,1
DA:77,0
DA:80,0
DA:81,0
DA:82,0
DA:85,0
DA:89,1
DA:90,0
DA:91,0
DA:95,1
LF:32
LH:22
BRDA:39,0,0,1
BRDA:39,0,1,1
BRDA:80,1,0,0
BRDA:80,1,1,0
BRDA:80,2,0,0
BRDA:80,2,1,0
BRF:6
BRH:2
end_of_record
